<?xml version="1.0" encoding="UTF-8"?>
<testsuite xmlns:xsi="http://www.w3.org/2001/XMLSchema-instance" xsi:noNamespaceSchemaLocation="https://maven.apache.org/surefire/maven-surefire-plugin/xsd/surefire-test-report-3.0.xsd" version="3.0" name="com.mycompany.portfolio_of_evidence_poe.MessageTest" time="5.708" tests="6" errors="0" skipped="0" failures="0">
  <properties>
    <property name="java.specification.version" value="24"/>
    <property name="sun.cpu.isalist" value="amd64"/>
    <property name="sun.jnu.encoding" value="Cp1252"/>
    <property name="sun.awt.enableExtraMouseButtons" value="true"/>
    <property name="java.class.path" value="C:\Users\VUNINI\Documents\NetBeansProjects\Portfolio_Of_Evidence_POE\target\test-classes;C:\Users\VUNINI\Documents\NetBeansProjects\Portfolio_Of_Evidence_POE\target\classes;C:\Users\VUNINI\.m2\repository\com\fasterxml\jackson\core\jackson-databind\2.16.1\jackson-databind-2.16.1.jar;C:\Users\VUNINI\.m2\repository\com\fasterxml\jackson\core\jackson-annotations\2.16.1\jackson-annotations-2.16.1.jar;C:\Users\VUNINI\.m2\repository\com\fasterxml\jackson\core\jackson-core\2.16.1\jackson-core-2.16.1.jar;C:\Users\VUNINI\.m2\repository\org\junit\jupiter\junit-jupiter-api\5.10.3\junit-jupiter-api-5.10.3.jar;C:\Users\VUNINI\.m2\repository\org\opentest4j\opentest4j\1.3.0\opentest4j-1.3.0.jar;C:\Users\VUNINI\.m2\repository\org\junit\platform\junit-platform-commons\1.10.3\junit-platform-commons-1.10.3.jar;C:\Users\VUNINI\.m2\repository\org\apiguardian\apiguardian-api\1.1.2\apiguardian-api-1.1.2.jar;C:\Users\VUNINI\.m2\repository\org\junit\jupiter\junit-jupiter-params\5.10.3\junit-jupiter-params-5.10.3.jar;C:\Users\VUNINI\.m2\repository\org\junit\jupiter\junit-jupiter-engine\5.10.3\junit-jupiter-engine-5.10.3.jar;C:\Users\VUNINI\.m2\repository\org\junit\platform\junit-platform-engine\1.10.3\junit-platform-engine-1.10.3.jar;"/>
    <property name="java.vm.vendor" value="Oracle Corporation"/>
    <property name="sun.arch.data.model" value="64"/>
    <property name="user.variant" value=""/>
    <property name="java.vendor.url" value="https://java.oracle.com/"/>
    <property name="user.timezone" value="Africa/Johannesburg"/>
    <property name="os.name" value="Windows 11"/>
    <property name="java.vm.specification.version" value="24"/>
    <property name="user.country" value="GB"/>
    <property name="sun.java.launcher" value="SUN_STANDARD"/>
    <property name="sun.boot.library.path" value="C:\Program Files\Java\jdk-24\bin"/>
    <property name="sun.java.command" value="C:\Users\VUNINI\AppData\Local\Temp\surefire17843734938874149335\surefirebooter-20250616005804014_3.jar C:\Users\VUNINI\AppData\Local\Temp\surefire17843734938874149335 2025-06-16T00-58-03_768-jvmRun1 surefire-20250616005804014_1tmp surefire_0-20250616005804014_2tmp"/>
    <property name="jdk.debug" value="release"/>
    <property name="surefire.test.class.path" value="C:\Users\VUNINI\Documents\NetBeansProjects\Portfolio_Of_Evidence_POE\target\test-classes;C:\Users\VUNINI\Documents\NetBeansProjects\Portfolio_Of_Evidence_POE\target\classes;C:\Users\VUNINI\.m2\repository\com\fasterxml\jackson\core\jackson-databind\2.16.1\jackson-databind-2.16.1.jar;C:\Users\VUNINI\.m2\repository\com\fasterxml\jackson\core\jackson-annotations\2.16.1\jackson-annotations-2.16.1.jar;C:\Users\VUNINI\.m2\repository\com\fasterxml\jackson\core\jackson-core\2.16.1\jackson-core-2.16.1.jar;C:\Users\VUNINI\.m2\repository\org\junit\jupiter\junit-jupiter-api\5.10.3\junit-jupiter-api-5.10.3.jar;C:\Users\VUNINI\.m2\repository\org\opentest4j\opentest4j\1.3.0\opentest4j-1.3.0.jar;C:\Users\VUNINI\.m2\repository\org\junit\platform\junit-platform-commons\1.10.3\junit-platform-commons-1.10.3.jar;C:\Users\VUNINI\.m2\repository\org\apiguardian\apiguardian-api\1.1.2\apiguardian-api-1.1.2.jar;C:\Users\VUNINI\.m2\repository\org\junit\jupiter\junit-jupiter-params\5.10.3\junit-jupiter-params-5.10.3.jar;C:\Users\VUNINI\.m2\repository\org\junit\jupiter\junit-jupiter-engine\5.10.3\junit-jupiter-engine-5.10.3.jar;C:\Users\VUNINI\.m2\repository\org\junit\platform\junit-platform-engine\1.10.3\junit-platform-engine-1.10.3.jar;"/>
    <property name="sun.cpu.endian" value="little"/>
    <property name="user.home" value="C:\Users\VUNINI"/>
    <property name="user.language" value="en"/>
    <property name="java.specification.vendor" value="Oracle Corporation"/>
    <property name="java.version.date" value="2025-03-18"/>
    <property name="java.home" value="C:\Program Files\Java\jdk-24"/>
    <property name="file.separator" value="\"/>
    <property name="basedir" value="C:\Users\VUNINI\Documents\NetBeansProjects\Portfolio_Of_Evidence_POE"/>
    <property name="java.vm.compressedOopsMode" value="32-bit"/>
    <property name="line.separator" value="&#10;"/>
    <property name="java.vm.specification.vendor" value="Oracle Corporation"/>
    <property name="java.specification.name" value="Java Platform API Specification"/>
    <property name="surefire.real.class.path" value="C:\Users\VUNINI\AppData\Local\Temp\surefire17843734938874149335\surefirebooter-20250616005804014_3.jar"/>
    <property name="user.script" value=""/>
    <property name="sun.management.compiler" value="HotSpot 64-Bit Tiered Compilers"/>
    <property name="java.runtime.version" value="24+36-3646"/>
    <property name="user.name" value="VUNINI"/>
    <property name="stdout.encoding" value="Cp1252"/>
    <property name="path.separator" value=";"/>
    <property name="os.version" value="10.0"/>
    <property name="java.runtime.name" value="Java(TM) SE Runtime Environment"/>
    <property name="file.encoding" value="UTF-8"/>
    <property name="java.vm.name" value="Java HotSpot(TM) 64-Bit Server VM"/>
    <property name="maven.ext.class.path" value="C:\Program Files\NetBeans-25\netbeans\java\maven-nblib\netbeans-eventspy.jar"/>
    <property name="localRepository" value="C:\Users\VUNINI\.m2\repository"/>
    <property name="java.vendor.url.bug" value="https://bugreport.java.com/bugreport/"/>
    <property name="java.io.tmpdir" value="C:\Users\VUNINI\AppData\Local\Temp\"/>
    <property name="java.version" value="24"/>
    <property name="user.dir" value="C:\Users\VUNINI\Documents\NetBeansProjects\Portfolio_Of_Evidence_POE"/>
    <property name="os.arch" value="amd64"/>
    <property name="java.vm.specification.name" value="Java Virtual Machine Specification"/>
    <property name="sun.os.patch.level" value=""/>
    <property name="native.encoding" value="Cp1252"/>
    <property name="java.library.path" value="C:\Program Files\Java\jdk-24\bin;C:\windows\Sun\Java\bin;C:\windows\system32;C:\windows;C:\Program Files\Common Files\Oracle\Java\javapath;C:\windows\system32;C:\windows;C:\windows\System32\Wbem;C:\windows\System32\WindowsPowerShell\v1.0\;C:\windows\System32\OpenSSH\;C:\Program Files\Java\jdk-23\bin;C:\Users\VUNINI\AppData\Local\Microsoft\WindowsApps;C:\Program Files\JetBrains\IntelliJ IDEA Community Edition 2024.3.2.2\bin;C:\Program Files\JetBrains\PyCharm Community Edition 2024.3.2\bin;C:\Program Files\NetBeans-25\netbeans\java\maven\bin;."/>
    <property name="java.vm.info" value="mixed mode, sharing"/>
    <property name="stderr.encoding" value="Cp1252"/>
    <property name="java.vendor" value="Oracle Corporation"/>
    <property name="java.vm.version" value="24+36-3646"/>
    <property name="sun.io.unicode.encoding" value="UnicodeLittle"/>
    <property name="java.class.version" value="68.0"/>
  </properties>
  <testcase name="testValidateMessageLength" classname="com.mycompany.portfolio_of_evidence_poe.MessageTest" time="0.355">
    <system-out><![CDATA[Testing validateMessageLength...
]]></system-out>
  </testcase>
  <testcase name="testGenerateMessageId" classname="com.mycompany.portfolio_of_evidence_poe.MessageTest" time="0.004">
    <system-out><![CDATA[generateMessageId
Message ID generated: 6023240695
]]></system-out>
  </testcase>
  <testcase name="testCheckRecipientCell" classname="com.mycompany.portfolio_of_evidence_poe.MessageTest" time="0.004">
    <system-out><![CDATA[checkReciepientCell
Message ID generated: 2235306349
Entered Recipient: 0987654321
Cell phone successfully captured
Message ID generated: 2235306349
Message ID generated: 5504840994
Entered Recipient: 1234567890
Cell phone number incorrectly formatted or does not contain an international code. Please correct the number and try again.
Message ID generated: 6535592074
Entered Recipient: null
Recipient number cannot be empty
]]></system-out>
  </testcase>
  <testcase name="testSendMessage" classname="com.mycompany.portfolio_of_evidence_poe.MessageTest" time="5.32">
    <system-out><![CDATA[sendMessage
Message ID generated: 3899943201
]]></system-out>
  </testcase>
  <testcase name="TaskSendMessages" classname="com.mycompany.portfolio_of_evidence_poe.MessageTest" time="0.004">
    <system-out><![CDATA[=== Sending Message 1 ===
Sending message to +27718693002
Message ID: 374904392
Message Number: Hi mike, can you join us for dinner tonight
Send messages: Sent

Sending message to +27718693002
Message ID: 942923372
Message Number: Hi mike, can you join us for dinner tonight
Send messages: Sent

Total number of messages sent (message 1): 2
All message IDs (message 1): [374904392, 942923372]

=== Sending Message 2 ===
Sending message to 08575975889
Message ID: 690566815
Message Number: Hi keegan did you recieve the payment?
Send messages: Sent

Total number of messages sent (message 2): 1
All message IDs (message 2): [690566815]

Total number of messages sent (overall): 3
]]></system-out>
  </testcase>
  <testcase name="testCreateMessageHash" classname="com.mycompany.portfolio_of_evidence_poe.MessageTest" time="0.012">
    <system-out><![CDATA[createMessageHash
Message ID generated: 1887155494
Message ID generated: 1794823532
Message ID generated: 3497793548
Received Message Number: 1
Created Message Hash: 34:2:PROGMONDAY
Received Message Number: 1
Created Message Hash: 34:3:ASSIGNMENTASSIGNMENT
Received Message Number: 1
Created Message Hash: 34:4:TRYGITHUB
]]></system-out>
  </testcase>
</testsuite>